x264 configure script
Command line options: "--prefix=./android/arm64-v8a" "--disable-shared" "--enable-static" "--enable-pic" "--enable-strip" "--host=aarch64-linux" "--cross-prefix=/home/panpan/tools/android-ndk-r15c/toolchains/aarch64-linux-android-4.9/prebuilt/linux-x86_64/bin/aarch64-linux-android-" "--sysroot=/home/panpan/tools/android-ndk-r15c/platforms/android-21/arch-arm64/" "--extra-cflags=-Os" "-fpic" "--extra-ldflags="

checking whether /home/panpan/tools/android-ndk-r15c/toolchains/aarch64-linux-android-4.9/prebuilt/linux-x86_64/bin/aarch64-linux-android-gcc works... yes
checking whether /home/panpan/tools/android-ndk-r15c/toolchains/aarch64-linux-android-4.9/prebuilt/linux-x86_64/bin/aarch64-linux-android-gcc supports for( int i = 0; i < 9; i++ ); with -std=gnu99... yes
checking whether /home/panpan/tools/android-ndk-r15c/toolchains/aarch64-linux-android-4.9/prebuilt/linux-x86_64/bin/aarch64-linux-android-gcc supports __asm__("cmeq v0.8h, v0.8h, #0");... yes
checking whether /home/panpan/tools/android-ndk-r15c/toolchains/aarch64-linux-android-4.9/prebuilt/linux-x86_64/bin/aarch64-linux-android-gcc supports .func test
.endfunc... yes
checking for pthread_create(0,0,0,0); in pthread.h... no
Failed commandline was:
--------------------------------------------------
/home/panpan/tools/android-ndk-r15c/toolchains/aarch64-linux-android-4.9/prebuilt/linux-x86_64/bin/aarch64-linux-android-gcc conftest.c  -Wall -I. -I$(SRCPATH) --sysroot=/home/panpan/tools/android-ndk-r15c/platforms/android-21/arch-arm64/ -Os -fpic -std=gnu99 -D_GNU_SOURCE  -lpthread   --sysroot=/home/panpan/tools/android-ndk-r15c/platforms/android-21/arch-arm64/  -lm -o conftest
conftest.c: In function 'main':
conftest.c:2:1: warning: null argument where non-null required (argument 1) [-Wnonnull]
 int main (void) { pthread_create(0,0,0,0); return 0; }
 ^
conftest.c:2:1: warning: null argument where non-null required (argument 3) [-Wnonnull]
/home/panpan/tools/android-ndk-r15c/toolchains/aarch64-linux-android-4.9/prebuilt/linux-x86_64/bin/../lib/gcc/aarch64-linux-android/4.9.x/../../../../aarch64-linux-android/bin/ld: cannot find -lpthread
collect2: error: ld returned 1 exit status
--------------------------------------------------
Failed program was:
--------------------------------------------------
#include <pthread.h>
int main (void) { pthread_create(0,0,0,0); return 0; }
--------------------------------------------------
checking for pthread_create(0,0,0,0); in pthread.h... yes
checking for cpu_set_t p_aff; return CPU_COUNT(&p_aff); in sched.h... yes
checking for return log2f(2); in math.h... yes
checking whether defined(MAP_PRIVATE) is true... yes
checking for sws_init_context(0,0,0); in libswscale/swscale.h... no
Failed commandline was:
--------------------------------------------------
/home/panpan/tools/android-ndk-r15c/toolchains/aarch64-linux-android-4.9/prebuilt/linux-x86_64/bin/aarch64-linux-android-gcc conftest.c  -Wall -I. -I$(SRCPATH) --sysroot=/home/panpan/tools/android-ndk-r15c/platforms/android-21/arch-arm64/ -Os -fpic -std=gnu99 -D_GNU_SOURCE   -lswscale -lavutil   --sysroot=/home/panpan/tools/android-ndk-r15c/platforms/android-21/arch-arm64/  -lm  -o conftest
conftest.c:1:32: fatal error: libswscale/swscale.h: No such file or directory
 #include <libswscale/swscale.h>
                                ^
compilation terminated.
--------------------------------------------------
Failed program was:
--------------------------------------------------
#include <libswscale/swscale.h>
int main (void) { sws_init_context(0,0,0); return 0; }
--------------------------------------------------
checking for -lpostproc... no
Failed commandline was:
--------------------------------------------------
/home/panpan/tools/android-ndk-r15c/toolchains/aarch64-linux-android-4.9/prebuilt/linux-x86_64/bin/aarch64-linux-android-gcc conftest.c  -Wall -I. -I$(SRCPATH) --sysroot=/home/panpan/tools/android-ndk-r15c/platforms/android-21/arch-arm64/ -Os -fpic -std=gnu99 -D_GNU_SOURCE  -lpostproc   --sysroot=/home/panpan/tools/android-ndk-r15c/platforms/android-21/arch-arm64/  -lm  -o conftest
/home/panpan/tools/android-ndk-r15c/toolchains/aarch64-linux-android-4.9/prebuilt/linux-x86_64/bin/../lib/gcc/aarch64-linux-android/4.9.x/../../../../aarch64-linux-android/bin/ld: cannot find -lpostproc
collect2: error: ld returned 1 exit status
--------------------------------------------------
Failed program was:
--------------------------------------------------
int main (void) {  return 0; }
--------------------------------------------------
checking for -lavcodec... no
Failed commandline was:
--------------------------------------------------
/home/panpan/tools/android-ndk-r15c/toolchains/aarch64-linux-android-4.9/prebuilt/linux-x86_64/bin/aarch64-linux-android-gcc conftest.c  -Wall -I. -I$(SRCPATH) --sysroot=/home/panpan/tools/android-ndk-r15c/platforms/android-21/arch-arm64/ -Os -fpic -std=gnu99 -D_GNU_SOURCE  -lavcodec   --sysroot=/home/panpan/tools/android-ndk-r15c/platforms/android-21/arch-arm64/  -lm  -o conftest
/home/panpan/tools/android-ndk-r15c/toolchains/aarch64-linux-android-4.9/prebuilt/linux-x86_64/bin/../lib/gcc/aarch64-linux-android/4.9.x/../../../../aarch64-linux-android/bin/ld: cannot find -lavcodec
collect2: error: ld returned 1 exit status
--------------------------------------------------
Failed program was:
--------------------------------------------------
int main (void) {  return 0; }
--------------------------------------------------
checking for -lswscale... no
Failed commandline was:
--------------------------------------------------
/home/panpan/tools/android-ndk-r15c/toolchains/aarch64-linux-android-4.9/prebuilt/linux-x86_64/bin/aarch64-linux-android-gcc conftest.c  -Wall -I. -I$(SRCPATH) --sysroot=/home/panpan/tools/android-ndk-r15c/platforms/android-21/arch-arm64/ -Os -fpic -std=gnu99 -D_GNU_SOURCE  -lswscale   --sysroot=/home/panpan/tools/android-ndk-r15c/platforms/android-21/arch-arm64/  -lm  -o conftest
/home/panpan/tools/android-ndk-r15c/toolchains/aarch64-linux-android-4.9/prebuilt/linux-x86_64/bin/../lib/gcc/aarch64-linux-android/4.9.x/../../../../aarch64-linux-android/bin/ld: cannot find -lswscale
collect2: error: ld returned 1 exit status
--------------------------------------------------
Failed program was:
--------------------------------------------------
int main (void) {  return 0; }
--------------------------------------------------
checking for -lavutil... no
Failed commandline was:
--------------------------------------------------
/home/panpan/tools/android-ndk-r15c/toolchains/aarch64-linux-android-4.9/prebuilt/linux-x86_64/bin/aarch64-linux-android-gcc conftest.c  -Wall -I. -I$(SRCPATH) --sysroot=/home/panpan/tools/android-ndk-r15c/platforms/android-21/arch-arm64/ -Os -fpic -std=gnu99 -D_GNU_SOURCE  -lavutil   --sysroot=/home/panpan/tools/android-ndk-r15c/platforms/android-21/arch-arm64/  -lm  -o conftest
/home/panpan/tools/android-ndk-r15c/toolchains/aarch64-linux-android-4.9/prebuilt/linux-x86_64/bin/../lib/gcc/aarch64-linux-android/4.9.x/../../../../aarch64-linux-android/bin/ld: cannot find -lavutil
collect2: error: ld returned 1 exit status
--------------------------------------------------
Failed program was:
--------------------------------------------------
int main (void) {  return 0; }
--------------------------------------------------
checking for -lm... yes
checking for -lz... yes
checking for -lbz2... no
Failed commandline was:
--------------------------------------------------
/home/panpan/tools/android-ndk-r15c/toolchains/aarch64-linux-android-4.9/prebuilt/linux-x86_64/bin/aarch64-linux-android-gcc conftest.c  -Wall -I. -I$(SRCPATH) --sysroot=/home/panpan/tools/android-ndk-r15c/platforms/android-21/arch-arm64/ -Os -fpic -std=gnu99 -D_GNU_SOURCE  -lbz2   --sysroot=/home/panpan/tools/android-ndk-r15c/platforms/android-21/arch-arm64/  -lm  -o conftest
/home/panpan/tools/android-ndk-r15c/toolchains/aarch64-linux-android-4.9/prebuilt/linux-x86_64/bin/../lib/gcc/aarch64-linux-android/4.9.x/../../../../aarch64-linux-android/bin/ld: cannot find -lbz2
collect2: error: ld returned 1 exit status
--------------------------------------------------
Failed program was:
--------------------------------------------------
int main (void) {  return 0; }
--------------------------------------------------
checking for -lavifil32... no
Failed commandline was:
--------------------------------------------------
/home/panpan/tools/android-ndk-r15c/toolchains/aarch64-linux-android-4.9/prebuilt/linux-x86_64/bin/aarch64-linux-android-gcc conftest.c  -Wall -I. -I$(SRCPATH) --sysroot=/home/panpan/tools/android-ndk-r15c/platforms/android-21/arch-arm64/ -Os -fpic -std=gnu99 -D_GNU_SOURCE  -lavifil32   --sysroot=/home/panpan/tools/android-ndk-r15c/platforms/android-21/arch-arm64/  -lm  -o conftest
/home/panpan/tools/android-ndk-r15c/toolchains/aarch64-linux-android-4.9/prebuilt/linux-x86_64/bin/../lib/gcc/aarch64-linux-android/4.9.x/../../../../aarch64-linux-android/bin/ld: cannot find -lavifil32
collect2: error: ld returned 1 exit status
--------------------------------------------------
Failed program was:
--------------------------------------------------
int main (void) {  return 0; }
--------------------------------------------------
checking for -lws2_32... no
Failed commandline was:
--------------------------------------------------
/home/panpan/tools/android-ndk-r15c/toolchains/aarch64-linux-android-4.9/prebuilt/linux-x86_64/bin/aarch64-linux-android-gcc conftest.c  -Wall -I. -I$(SRCPATH) --sysroot=/home/panpan/tools/android-ndk-r15c/platforms/android-21/arch-arm64/ -Os -fpic -std=gnu99 -D_GNU_SOURCE  -lws2_32   --sysroot=/home/panpan/tools/android-ndk-r15c/platforms/android-21/arch-arm64/  -lm  -o conftest
/home/panpan/tools/android-ndk-r15c/toolchains/aarch64-linux-android-4.9/prebuilt/linux-x86_64/bin/../lib/gcc/aarch64-linux-android/4.9.x/../../../../aarch64-linux-android/bin/ld: cannot find -lws2_32
collect2: error: ld returned 1 exit status
--------------------------------------------------
Failed program was:
--------------------------------------------------
int main (void) {  return 0; }
--------------------------------------------------
checking for av_frame_free(0); in libavformat/avformat.h... no
Failed commandline was:
--------------------------------------------------
/home/panpan/tools/android-ndk-r15c/toolchains/aarch64-linux-android-4.9/prebuilt/linux-x86_64/bin/aarch64-linux-android-gcc conftest.c  -Wall -I. -I$(SRCPATH) --sysroot=/home/panpan/tools/android-ndk-r15c/platforms/android-21/arch-arm64/ -Os -fpic -std=gnu99 -D_GNU_SOURCE   -L. -lavformat -lm -lz   --sysroot=/home/panpan/tools/android-ndk-r15c/platforms/android-21/arch-arm64/  -lm  -o conftest
conftest.c:1:34: fatal error: libavformat/avformat.h: No such file or directory
 #include <libavformat/avformat.h>
                                  ^
compilation terminated.
--------------------------------------------------
Failed program was:
--------------------------------------------------
#include <libavformat/avformat.h>
int main (void) { av_frame_free(0); return 0; }
--------------------------------------------------
checking for FFMS_DestroyVideoSource(0); in ffms.h... no
Failed commandline was:
--------------------------------------------------
/home/panpan/tools/android-ndk-r15c/toolchains/aarch64-linux-android-4.9/prebuilt/linux-x86_64/bin/aarch64-linux-android-gcc conftest.c  -Wall -I. -I$(SRCPATH) --sysroot=/home/panpan/tools/android-ndk-r15c/platforms/android-21/arch-arm64/ -Os -fpic -std=gnu99 -D_GNU_SOURCE   -lffms2   --sysroot=/home/panpan/tools/android-ndk-r15c/platforms/android-21/arch-arm64/  -lm  -o conftest
conftest.c:1:18: fatal error: ffms.h: No such file or directory
 #include <ffms.h>
                  ^
compilation terminated.
--------------------------------------------------
Failed program was:
--------------------------------------------------
#include <ffms.h>
int main (void) { FFMS_DestroyVideoSource(0); return 0; }
--------------------------------------------------
checking for FFMS_DestroyVideoSource(0); in ffms.h... no
Failed commandline was:
--------------------------------------------------
/home/panpan/tools/android-ndk-r15c/toolchains/aarch64-linux-android-4.9/prebuilt/linux-x86_64/bin/aarch64-linux-android-gcc conftest.c  -Wall -I. -I$(SRCPATH) --sysroot=/home/panpan/tools/android-ndk-r15c/platforms/android-21/arch-arm64/ -Os -fpic -std=gnu99 -D_GNU_SOURCE   -lffms2 -lstdc++ -L. -lavformat -lm -lz   --sysroot=/home/panpan/tools/android-ndk-r15c/platforms/android-21/arch-arm64/  -lm  -o conftest
conftest.c:1:18: fatal error: ffms.h: No such file or directory
 #include <ffms.h>
                  ^
compilation terminated.
--------------------------------------------------
Failed program was:
--------------------------------------------------
#include <ffms.h>
int main (void) { FFMS_DestroyVideoSource(0); return 0; }
--------------------------------------------------
checking for lsmash.h... no
Failed commandline was:
--------------------------------------------------
/home/panpan/tools/android-ndk-r15c/toolchains/aarch64-linux-android-4.9/prebuilt/linux-x86_64/bin/aarch64-linux-android-gcc conftest.c  -Wall -I. -I$(SRCPATH) --sysroot=/home/panpan/tools/android-ndk-r15c/platforms/android-21/arch-arm64/ -Os -fpic -std=gnu99 -D_GNU_SOURCE   -llsmash   --sysroot=/home/panpan/tools/android-ndk-r15c/platforms/android-21/arch-arm64/  -lm  -o conftest
conftest.c:1:20: fatal error: lsmash.h: No such file or directory
 #include <lsmash.h>
                    ^
compilation terminated.
--------------------------------------------------
Failed program was:
--------------------------------------------------
#include <lsmash.h>
int main (void) {  return 0; }
--------------------------------------------------
checking for -lz... yes
checking for gpac/isomedia.h... no
Failed commandline was:
--------------------------------------------------
/home/panpan/tools/android-ndk-r15c/toolchains/aarch64-linux-android-4.9/prebuilt/linux-x86_64/bin/aarch64-linux-android-gcc conftest.c  -Wall -I. -I$(SRCPATH) --sysroot=/home/panpan/tools/android-ndk-r15c/platforms/android-21/arch-arm64/ -Os -fpic -std=gnu99 -D_GNU_SOURCE  -lgpac_static -lz   --sysroot=/home/panpan/tools/android-ndk-r15c/platforms/android-21/arch-arm64/  -lm  -o conftest
conftest.c:1:27: fatal error: gpac/isomedia.h: No such file or directory
 #include <gpac/isomedia.h>
                           ^
compilation terminated.
--------------------------------------------------
Failed program was:
--------------------------------------------------
#include <gpac/isomedia.h>
int main (void) {  return 0; }
--------------------------------------------------
checking for uint32_t test_vec __attribute__ ((vector_size (16))) = {0,1,2,3}; in stdint.h... yes
checking for stdio.h... yes
checking for -fno-tree-vectorize... yes
checking for fseeko(stdin,0,0); in stdio.h... yes
checking for -Wshadow... yes
checking for -Wmaybe-uninitialized... yes

platform:      AARCH64
byte order:    little-endian
system:        LINUX
cli:           yes
libx264:       internal
shared:        no
static:        yes
asm:           yes
interlaced:    yes
avs:           avxsynth
lavf:          no
ffms:          no
mp4:           no
gpl:           yes
thread:        posix
opencl:        yes
filters:       crop select_every 
lto:           no
debug:         no
gprof:         no
strip:         yes
PIC:           yes
bit depth:     8
chroma format: all
